Using pre-set license
Built from '2020.3/staging' branch; Version is '2020.3.11f1 (99c7afb366b3) revision 10078127'; Using compiler version '192528614'; Build Type 'Release'
OS: 'Windows 10 Home Single Language; OS build 19041.1052; Version 2004; 64bit' Language: 'es' Physical Memory: 12125 MB
BatchMode: 1, IsHumanControllingUs: 0, StartBugReporterOnCrash: 0, Is64bit: 1, IsPro: 0

 COMMAND LINE ARGUMENTS:
C:\Program Files\Unity\Hub\Editor\2020.3.11f1\Editor\Unity.exe
-adb2
-batchMode
-noUpm
-name
AssetImportWorker1
-projectPath
C:/Users/juane/OneDrive/Documentos/UnityGames/EasyAR
-logFile
Logs/AssetImportWorker1.log
-srvPort
61100
Successfully changed project path to: C:/Users/juane/OneDrive/Documentos/UnityGames/EasyAR
C:/Users/juane/OneDrive/Documentos/UnityGames/EasyAR
Using Asset Import Pipeline V2.
Refreshing native plugins compatible for Editor in 33.15 ms, found 3 plugins.
Preloading 0 native plugins for Editor in 0.00 ms.
Initialize engine version: 2020.3.11f1 (99c7afb366b3)
[Subsystems] Discovering subsystems at path C:/Program Files/Unity/Hub/Editor/2020.3.11f1/Editor/Data/Resources/UnitySubsystems
[Subsystems] Discovering subsystems at path C:/Users/juane/OneDrive/Documentos/UnityGames/EasyAR/Assets
GfxDevice: creating device client; threaded=0
Direct3D:
    Version:  Direct3D 11.0 [level 11.1]
    Renderer: NVIDIA GeForce GTX 1650 (ID=0x1f91)
    Vendor:   
    VRAM:     3962 MB
    Driver:   30.0.14.7111
Initialize mono
Mono path[0] = 'C:/Program Files/Unity/Hub/Editor/2020.3.11f1/Editor/Data/Managed'
Mono path[1] = 'C:/Program Files/Unity/Hub/Editor/2020.3.11f1/Editor/Data/MonoBleedingEdge/lib/mono/unityjit'
Mono config path = 'C:/Program Files/Unity/Hub/Editor/2020.3.11f1/Editor/Data/MonoBleedingEdge/etc'
Using monoOptions --debugger-agent=transport=dt_socket,embedding=1,server=y,suspend=n,address=127.0.0.1:56272
Begin MonoManager ReloadAssembly
Registering precompiled unity dll's ...
Register platform support module: C:/Program Files/Unity/Hub/Editor/2020.3.11f1/Editor/Data/PlaybackEngines/WebGLSupport/UnityEditor.WebGL.Extensions.dll
Register platform support module: C:/Program Files/Unity/Hub/Editor/2020.3.11f1/Editor/Data/PlaybackEngines/WindowsStandaloneSupport/UnityEditor.WindowsStandalone.Extensions.dll
Registered in 0.001968 seconds.
Native extension for WindowsStandalone target not found
Native extension for WebGL target not found
Refreshing native plugins compatible for Editor in 29.64 ms, found 3 plugins.
Preloading 0 native plugins for Editor in 0.00 ms.
Mono: successfully reloaded assembly
- Completed reload, in  1.834 seconds
Platform modules already initialized, skipping
Registering precompiled user dll's ...
Registered in 0.003473 seconds.
Begin MonoManager ReloadAssembly
Native extension for WindowsStandalone target not found
Native extension for WebGL target not found
Refreshing native plugins compatible for Editor in 0.44 ms, found 3 plugins.
Preloading 0 native plugins for Editor in 0.00 ms.
Mono: successfully reloaded assembly
- Completed reload, in  0.940 seconds
Platform modules already initialized, skipping
========================================================================
Worker process is ready to serve import requests
Launched and connected shader compiler UnityShaderCompiler.exe after 0.04 seconds
Refreshing native plugins compatible for Editor in 0.40 ms, found 3 plugins.
Preloading 0 native plugins for Editor in 0.00 ms.
Unloading 1717 Unused Serialized files (Serialized files now loaded: 0)
System memory in use before: 77.3 MB.
System memory in use after: 77.4 MB.

Unloading 33 unused Assets to reduce memory usage. Loaded Objects now: 2138.
Total: 1.917700 ms (FindLiveObjects: 0.139800 ms CreateObjectMapping: 0.047800 ms MarkObjects: 1.662400 ms  DeleteObjects: 0.066800 ms)

========================================================================
Received Import Request.
  path: Assets/Resources/EasyAR/Settings.asset
  artifactKey: Guid(c2e5194f4e33a924799cb13db7b20c8a) Importer(815301076,1909f56bfc062723c751e8b465ee728b)
Start importing Assets/Resources/EasyAR/Settings.asset using Guid(c2e5194f4e33a924799cb13db7b20c8a) Importer(815301076,1909f56bfc062723c751e8b465ee728b)  -> (artifact id: 'a46807af0404dfeaaf5e6f6b46542b06') in 0.022698 seconds
  Import took 0.026788 seconds .

========================================================================
Received Import Request.
  Time since last request: 12.628770 seconds.
  path: Assets/XR/XRGeneralSettings.asset
  artifactKey: Guid(09b9a0ee650ca514294fcb2d1469e043) Importer(815301076,1909f56bfc062723c751e8b465ee728b)
Start importing Assets/XR/XRGeneralSettings.asset using Guid(09b9a0ee650ca514294fcb2d1469e043) Importer(815301076,1909f56bfc062723c751e8b465ee728b)  -> (artifact id: '425c9252d53534e3841c97a113a8e730') in 0.012455 seconds
  Import took 0.015123 seconds .

========================================================================
Received Import Request.
  Time since last request: 10.324138 seconds.
  path: Assets/package/package.json
  artifactKey: Guid(eb6c2ae49fdaf9444902020a98aabf87) Importer(815301076,1909f56bfc062723c751e8b465ee728b)
Start importing Assets/package/package.json using Guid(eb6c2ae49fdaf9444902020a98aabf87) Importer(815301076,1909f56bfc062723c751e8b465ee728b)  -> (artifact id: '6ceee79ef1ca4ef63536b77ee0957ed0') in 0.011919 seconds
  Import took 0.015159 seconds .

========================================================================
Received Import Request.
  Time since last request: 0.015345 seconds.
  path: Assets/package/package.json
  artifactKey: Guid(eb6c2ae49fdaf9444902020a98aabf87) Importer(815301076,1909f56bfc062723c751e8b465ee728b)
Start importing Assets/package/package.json using Guid(eb6c2ae49fdaf9444902020a98aabf87) Importer(815301076,1909f56bfc062723c751e8b465ee728b)  -> (artifact id: '6ceee79ef1ca4ef63536b77ee0957ed0') in 0.002652 seconds
  Import took 0.005154 seconds .

========================================================================
Received Import Request.
  Time since last request: 1.936463 seconds.
  path: Assets/package/Runtime
  artifactKey: Guid(884e9b7ad59d4d8438bd6b0fe56329ce) Importer(815301076,1909f56bfc062723c751e8b465ee728b)
Start importing Assets/package/Runtime using Guid(884e9b7ad59d4d8438bd6b0fe56329ce) Importer(815301076,1909f56bfc062723c751e8b465ee728b)  -> (artifact id: '6ab6f9197fdb3914f7fa5961b8d7f247') in 0.007109 seconds
  Import took 0.011301 seconds .

========================================================================
Received Import Request.
  Time since last request: 2.576952 seconds.
  path: Assets/package/Prefabs/Primitives
  artifactKey: Guid(da45554bfdf825a4bb47890879854156) Importer(815301076,1909f56bfc062723c751e8b465ee728b)
Start importing Assets/package/Prefabs/Primitives using Guid(da45554bfdf825a4bb47890879854156) Importer(815301076,1909f56bfc062723c751e8b465ee728b)  -> (artifact id: 'ac0eb822fdca6643bcb4dc436752dd0f') in 0.006512 seconds
  Import took 0.010706 seconds .

========================================================================
Received Prepare
Registering precompiled user dll's ...
Registered in 0.003308 seconds.
Begin MonoManager ReloadAssembly
Native extension for WindowsStandalone target not found
Native extension for WebGL target not found
Refreshing native plugins compatible for Editor in 0.42 ms, found 3 plugins.
Preloading 0 native plugins for Editor in 0.00 ms.
Mono: successfully reloaded assembly
- Completed reload, in  0.869 seconds
Platform modules already initialized, skipping
Switching build target platform(19) subTarget(0) extendedPlatform(0) -> platform(13) subTarget(524288) extendedPlatform(0)
Refreshing native plugins compatible for Editor in 0.49 ms, found 3 plugins.
Preloading 0 native plugins for Editor in 0.00 ms.
Unloading 1701 Unused Serialized files (Serialized files now loaded: 0)
System memory in use before: 76.1 MB.
System memory in use after: 76.1 MB.

Unloading 29 unused Assets to reduce memory usage. Loaded Objects now: 2141.
Total: 2.000400 ms (FindLiveObjects: 0.156400 ms CreateObjectMapping: 0.044400 ms MarkObjects: 1.743700 ms  DeleteObjects: 0.055000 ms)

AssetImportParameters requested are different than current active one (requested -> active):
  custom:graphics/normal-map-encoding: 01000000000000000000000000000000 -> 02000000000000000000000000000000
========================================================================
Received Prepare
Refreshing native plugins compatible for Editor in 5.13 ms, found 3 plugins.
Preloading 0 native plugins for Editor in 0.00 ms.
Unloading 26 Unused Serialized files (Serialized files now loaded: 0)
System memory in use before: 43.1 MB.
System memory in use after: 43.2 MB.

Unloading 26 unused Assets to reduce memory usage. Loaded Objects now: 2141.
Total: 2.052400 ms (FindLiveObjects: 0.177100 ms CreateObjectMapping: 0.074700 ms MarkObjects: 1.748500 ms  DeleteObjects: 0.051300 ms)

AssetImportWorkerClient::OnTransportError - code=2 error=End of file
