Using pre-set license
Built from '2020.3/staging' branch; Version is '2020.3.11f1 (99c7afb366b3) revision 10078127'; Using compiler version '192528614'; Build Type 'Release'
OS: 'Windows 10 Home Single Language; OS build 19041.1052; Version 2004; 64bit' Language: 'es' Physical Memory: 12125 MB
BatchMode: 1, IsHumanControllingUs: 0, StartBugReporterOnCrash: 0, Is64bit: 1, IsPro: 0

 COMMAND LINE ARGUMENTS:
C:\Program Files\Unity\Hub\Editor\2020.3.11f1\Editor\Unity.exe
-adb2
-batchMode
-noUpm
-name
AssetImportWorker0
-projectPath
C:/Users/juane/OneDrive/Documentos/UnityGames/EasyAR
-logFile
Logs/AssetImportWorker0.log
-srvPort
61100
Successfully changed project path to: C:/Users/juane/OneDrive/Documentos/UnityGames/EasyAR
C:/Users/juane/OneDrive/Documentos/UnityGames/EasyAR
Using Asset Import Pipeline V2.
Refreshing native plugins compatible for Editor in 35.50 ms, found 3 plugins.
Preloading 0 native plugins for Editor in 0.00 ms.
Initialize engine version: 2020.3.11f1 (99c7afb366b3)
[Subsystems] Discovering subsystems at path C:/Program Files/Unity/Hub/Editor/2020.3.11f1/Editor/Data/Resources/UnitySubsystems
[Subsystems] Discovering subsystems at path C:/Users/juane/OneDrive/Documentos/UnityGames/EasyAR/Assets
GfxDevice: creating device client; threaded=0
Direct3D:
    Version:  Direct3D 11.0 [level 11.1]
    Renderer: NVIDIA GeForce GTX 1650 (ID=0x1f91)
    Vendor:   
    VRAM:     3962 MB
    Driver:   30.0.14.7111
Initialize mono
Mono path[0] = 'C:/Program Files/Unity/Hub/Editor/2020.3.11f1/Editor/Data/Managed'
Mono path[1] = 'C:/Program Files/Unity/Hub/Editor/2020.3.11f1/Editor/Data/MonoBleedingEdge/lib/mono/unityjit'
Mono config path = 'C:/Program Files/Unity/Hub/Editor/2020.3.11f1/Editor/Data/MonoBleedingEdge/etc'
Using monoOptions --debugger-agent=transport=dt_socket,embedding=1,server=y,suspend=n,address=127.0.0.1:56324
Begin MonoManager ReloadAssembly
Registering precompiled unity dll's ...
Register platform support module: C:/Program Files/Unity/Hub/Editor/2020.3.11f1/Editor/Data/PlaybackEngines/WebGLSupport/UnityEditor.WebGL.Extensions.dll
Register platform support module: C:/Program Files/Unity/Hub/Editor/2020.3.11f1/Editor/Data/PlaybackEngines/WindowsStandaloneSupport/UnityEditor.WindowsStandalone.Extensions.dll
Registered in 0.002052 seconds.
Native extension for WindowsStandalone target not found
Native extension for WebGL target not found
Refreshing native plugins compatible for Editor in 29.54 ms, found 3 plugins.
Preloading 0 native plugins for Editor in 0.00 ms.
Mono: successfully reloaded assembly
- Completed reload, in  2.004 seconds
Platform modules already initialized, skipping
Registering precompiled user dll's ...
Registered in 0.005405 seconds.
Begin MonoManager ReloadAssembly
Native extension for WindowsStandalone target not found
Native extension for WebGL target not found
Refreshing native plugins compatible for Editor in 0.44 ms, found 3 plugins.
Preloading 0 native plugins for Editor in 0.00 ms.
Mono: successfully reloaded assembly
- Completed reload, in  0.933 seconds
Platform modules already initialized, skipping
========================================================================
Worker process is ready to serve import requests
Launched and connected shader compiler UnityShaderCompiler.exe after 0.03 seconds
Refreshing native plugins compatible for Editor in 0.40 ms, found 3 plugins.
Preloading 0 native plugins for Editor in 0.00 ms.
Unloading 1715 Unused Serialized files (Serialized files now loaded: 0)
System memory in use before: 77.1 MB.
System memory in use after: 77.2 MB.

Unloading 34 unused Assets to reduce memory usage. Loaded Objects now: 2135.
Total: 1.922600 ms (FindLiveObjects: 0.154900 ms CreateObjectMapping: 0.055700 ms MarkObjects: 1.637700 ms  DeleteObjects: 0.073400 ms)

========================================================================
Received Import Request.
  path: Assets/Resources/EasyAR/Settings.asset
  artifactKey: Guid(c2e5194f4e33a924799cb13db7b20c8a) Importer(815301076,1909f56bfc062723c751e8b465ee728b)
Start importing Assets/Resources/EasyAR/Settings.asset using Guid(c2e5194f4e33a924799cb13db7b20c8a) Importer(815301076,1909f56bfc062723c751e8b465ee728b)  -> (artifact id: '100213906acc056ac09219f4caa1b4c2') in 0.029569 seconds
  Import took 0.031886 seconds .

========================================================================
Received Import Request.
  Time since last request: 67.151256 seconds.
  path: Assets/XR
  artifactKey: Guid(23fbd9662b911534dab4bb05a3dd2f36) Importer(815301076,1909f56bfc062723c751e8b465ee728b)
Start importing Assets/XR using Guid(23fbd9662b911534dab4bb05a3dd2f36) Importer(815301076,1909f56bfc062723c751e8b465ee728b)  -> (artifact id: 'd09b142bb23c3d7004012f1af3f66817') in 0.006838 seconds
  Import took 0.009542 seconds .

========================================================================
Received Import Request.
  Time since last request: 6.466608 seconds.
  path: Assets/XR/Settings
  artifactKey: Guid(a68a27161076b704d9fff3d614ad63f9) Importer(815301076,1909f56bfc062723c751e8b465ee728b)
Start importing Assets/XR/Settings using Guid(a68a27161076b704d9fff3d614ad63f9) Importer(815301076,1909f56bfc062723c751e8b465ee728b)  -> (artifact id: '7eb365183eb170dd91ed1ef6224362e0') in 0.002771 seconds
  Import took 0.005587 seconds .

========================================================================
Received Import Request.
  Time since last request: 0.000998 seconds.
  path: Assets/XR/Settings
  artifactKey: Guid(a68a27161076b704d9fff3d614ad63f9) Importer(815301076,1909f56bfc062723c751e8b465ee728b)
Start importing Assets/XR/Settings using Guid(a68a27161076b704d9fff3d614ad63f9) Importer(815301076,1909f56bfc062723c751e8b465ee728b)  -> (artifact id: '7eb365183eb170dd91ed1ef6224362e0') in 0.002245 seconds
  Import took 0.005490 seconds .

========================================================================
Received Import Request.
  Time since last request: 0.044245 seconds.
  path: Assets/XR/Settings/AR Core Settings.asset
  artifactKey: Guid(2ce3f527df30c314aa1c3b643e74f9e0) Importer(815301076,1909f56bfc062723c751e8b465ee728b)
Start importing Assets/XR/Settings/AR Core Settings.asset using Guid(2ce3f527df30c314aa1c3b643e74f9e0) Importer(815301076,1909f56bfc062723c751e8b465ee728b)  -> (artifact id: '5ad01808afa6a19ed48aa77212db48fb') in 0.006782 seconds
  Import took 0.009532 seconds .

========================================================================
Received Prepare
Registering precompiled user dll's ...
Registered in 0.004508 seconds.
Begin MonoManager ReloadAssembly
Native extension for WindowsStandalone target not found
Native extension for WebGL target not found
Refreshing native plugins compatible for Editor in 0.38 ms, found 3 plugins.
Preloading 0 native plugins for Editor in 0.00 ms.
Mono: successfully reloaded assembly
- Completed reload, in  1.168 seconds
Platform modules already initialized, skipping
Switching build target platform(19) subTarget(0) extendedPlatform(0) -> platform(13) subTarget(524288) extendedPlatform(0)
Refreshing native plugins compatible for Editor in 0.45 ms, found 3 plugins.
Preloading 0 native plugins for Editor in 0.00 ms.
Unloading 1453 Unused Serialized files (Serialized files now loaded: 0)
System memory in use before: 70.6 MB.
System memory in use after: 70.7 MB.

Unloading 207 unused Assets to reduce memory usage. Loaded Objects now: 1958.
Total: 1.817000 ms (FindLiveObjects: 0.158800 ms CreateObjectMapping: 0.047800 ms MarkObjects: 1.516800 ms  DeleteObjects: 0.092400 ms)

AssetImportParameters requested are different than current active one (requested -> active):
  custom:graphics/normal-map-encoding: 01000000000000000000000000000000 -> 02000000000000000000000000000000
========================================================================
Received Prepare
Registering precompiled user dll's ...
Registered in 0.003885 seconds.
Begin MonoManager ReloadAssembly
Native extension for WindowsStandalone target not found
Native extension for WebGL target not found
Refreshing native plugins compatible for Editor in 0.74 ms, found 3 plugins.
Preloading 0 native plugins for Editor in 0.00 ms.
Mono: successfully reloaded assembly
- Completed reload, in  1.008 seconds
Platform modules already initialized, skipping
Switching build target platform(19) subTarget(0) extendedPlatform(0) -> platform(13) subTarget(524288) extendedPlatform(0)
Refreshing native plugins compatible for Editor in 0.41 ms, found 3 plugins.
Preloading 0 native plugins for Editor in 0.00 ms.
Unloading 1529 Unused Serialized files (Serialized files now loaded: 0)
System memory in use before: 71.4 MB.
System memory in use after: 71.5 MB.

Unloading 28 unused Assets to reduce memory usage. Loaded Objects now: 1993.
Total: 1.890800 ms (FindLiveObjects: 0.149000 ms CreateObjectMapping: 0.039100 ms MarkObjects: 1.653600 ms  DeleteObjects: 0.048300 ms)

AssetImportParameters requested are different than current active one (requested -> active):
  custom:graphics/normal-map-encoding: 01000000000000000000000000000000 -> 02000000000000000000000000000000
========================================================================
Received Prepare
Registering precompiled user dll's ...
Registered in 0.003444 seconds.
Begin MonoManager ReloadAssembly
Native extension for WindowsStandalone target not found
Native extension for WebGL target not found
Refreshing native plugins compatible for Editor in 0.43 ms, found 3 plugins.
Preloading 0 native plugins for Editor in 0.00 ms.
Received signal SIGSEGV
Stack trace:
0x00007ff767527938 (Unity) <lambda_96659fe8d358e4de0a2a0ec3c8557f2d>::operator()
0x00007ff76755e5c4 (Unity) LMDB_Transaction::Run
0x00007ff76755e8a0 (Unity) SourceAssetDBWriteTxn::Run
0x00007ff767535626 (Unity) SourceAssetScanner::Refresh
0x00007ff7675014c4 (Unity) ImportAtPathV2
0x00007ff76745878d (Unity) AssetDatabase::ImportAtPath
0x00007ff7674ec726 (Unity) CreateFolderV2
0x00007ff76744f2fe (Unity) AssetDatabase::CreateFolder
0x00007ff767c779cf (Unity) AssetDatabaseBindings::CreateFolder
0x00007ff767b26a38 (Unity) AssetDatabase_CUSTOM_CreateFolder
0x000001452278525d (Mono JIT Code) (wrapper managed-to-native) UnityEditor.AssetDatabase:CreateFolder (string,string)
0x0000014522784f0b (Mono JIT Code) [EditorUtilities.cs:69] UnityEditor.XR.Management.EditorUtilities:GetAssetPathForComponents (string[],string) 
0x00000145227827c3 (Mono JIT Code) [XRPackageInitialization.cs:152] UnityEditor.XR.Management.XRPackageInitializationBootstrap:InitializeLoaderFromMetadata (string,System.Collections.Generic.List`1<UnityEditor.XR.Management.Metadata.IXRLoaderMetadata>) 
0x0000014522782343 (Mono JIT Code) [XRPackageInitialization.cs:130] UnityEditor.XR.Management.XRPackageInitializationBootstrap:InitializePackageFromMetadata (UnityEditor.XR.Management.Metadata.IXRPackage,UnityEditor.XR.Management.Metadata.IXRPackageMetadata) 
0x000001452277d34b (Mono JIT Code) [XRPackageInitialization.cs:118] UnityEditor.XR.Management.XRPackageInitializationBootstrap:InitPackage (UnityEditor.XR.Management.Metadata.IXRPackage) 
0x000001452277bc83 (Mono JIT Code) [XRPackageInitialization.cs:76] UnityEditor.XR.Management.XRPackageInitializationBootstrap:BeginPackageInitialization () 
0x000001452277b59b (Mono JIT Code) [XRPackageInitialization.cs:53] UnityEditor.XR.Management.XRPackageInitializationBootstrap:.cctor () 
0x0000014526a9ed0d (Mono JIT Code) (wrapper runtime-invoke) object:runtime_invoke_void (object,intptr,intptr,intptr)
0x00007ffe19a2e630 (mono-2.0-bdwgc) [mini-runtime.c:2812] mono_jit_runtime_invoke 
0x00007ffe199b2ac2 (mono-2.0-bdwgc) [object.c:2921] do_runtime_invoke 
0x00007ffe199bb1dc (mono-2.0-bdwgc) [object.c:477] mono_runtime_class_init_full 
0x00007ffe19968d3e (mono-2.0-bdwgc) [icall.c:990] ves_icall_System_Runtime_CompilerServices_RuntimeHelpers_RunClassConstructor 
0x00000145237f7de0 (Mono JIT Code) (wrapper managed-to-native) System.Runtime.CompilerServices.RuntimeHelpers:RunClassConstructor (intptr)
0x00000145237f7ccb (Mono JIT Code) System.Runtime.CompilerServices.RuntimeHelpers:RunClassConstructor (System.RuntimeTypeHandle)
0x00000145237f7b43 (Mono JIT Code) UnityEditor.EditorAssemblies:ProcessInitializeOnLoadAttributes (System.Type[])
0x0000014526a8ce20 (Mono JIT Code) (wrapper runtime-invoke) <Module>:runtime_invoke_void_object (object,intptr,intptr,intptr)
0x00007ffe19a2e630 (mono-2.0-bdwgc) [mini-runtime.c:2812] mono_jit_runtime_invoke 
0x00007ffe199b2ac2 (mono-2.0-bdwgc) [object.c:2921] do_runtime_invoke 
0x00007ffe199bbb1f (mono-2.0-bdwgc) [object.c:2968] mono_runtime_invoke 
0x00007ff765d14444 (Unity) scripting_method_invoke
0x00007ff765d0cd95 (Unity) ScriptingInvocation::Invoke
0x00007ff765d05ef5 (Unity) ScriptingInvocation::Invoke<void>
0x00007ff76438698b (Unity) Scripting::UnityEditor::EditorAssembliesProxy::ProcessInitializeOnLoadAttributes
0x00007ff765cc97d5 (Unity) MonoManager::SetupLoadedEditorAssemblies
0x00007ff765cc0ac9 (Unity) MonoManager::EndReloadAssembly
0x00007ff765cc79b9 (Unity) MonoManager::ReloadAssembly
0x00007ff76707c9f1 (Unity) LoadDomainAndUserAssemblies
0x00007ff76707ce9e (Unity) LoadUserAssemblies
0x00007ff7674e5808 (Unity) <lambda_32ff519d5c36f44c8f28c9876d6db935>::operator()
0x00007ff767589522 (Unity) asio::detail::completion_handler<core::mutable_function<void __cdecl(void)> >::do_complete
0x00007ff76758b680 (Unity) asio::detail::win_iocp_io_service::do_one
0x00007ff76758ee0e (Unity) asio::io_service::run
0x00007ff7675124bb (Unity) RunAssetImportWorkerClientV2
0x00007ff767512510 (Unity) RunAssetImporterV2
0x00007ff766a03536 (Unity) Application::InitializeProject
0x00007ff767386f22 (Unity) WinMain
0x00007ff7691d8e86 (Unity) __scrt_common_main_seh
0x00007ffeab6d7034 (KERNEL32) BaseThreadInitThunk
0x00007ffeac062651 (ntdll) RtlUserThreadStart

